<?xml version="1.0" encoding="UTF-8"?>
<testng-results ignored="0" total="1" passed="1" failed="0" skipped="0">
  <reporter-output>
  </reporter-output>
  <suite started-at="2023-10-10T10:57:28 IST" name="Default suite" finished-at="2023-10-10T10:59:06 IST" duration-ms="98778">
    <groups>
    </groups>
    <test started-at="2023-10-10T10:57:28 IST" name="Default test" finished-at="2023-10-10T10:59:06 IST" duration-ms="98778">
      <class name="testsnap.snap_test">
        <test-method is-config="true" signature="launchBrowser()[pri:0, instance:testsnap.snap_test@1d296da]" started-at="2023-10-10T10:57:29 IST" name="launchBrowser" finished-at="2023-10-10T10:59:04 IST" duration-ms="95516" status="PASS">
          <reporter-output>
          </reporter-output>
        </test-method> <!-- launchBrowser -->
        <test-method signature="verify_signup()[pri:1, instance:testsnap.snap_test@1d296da]" started-at="2023-10-10T10:59:04 IST" name="verify_signup" finished-at="2023-10-10T10:59:06 IST" duration-ms="1994" status="PASS">
          <reporter-output>
          </reporter-output>
        </test-method> <!-- verify_signup -->
        <test-method is-config="true" signature="closeBrowser()[pri:0, instance:testsnap.snap_test@1d296da]" started-at="2023-10-10T10:59:06 IST" name="closeBrowser" finished-at="2023-10-10T10:59:06 IST" duration-ms="1" status="PASS">
          <reporter-output>
          </reporter-output>
        </test-method> <!-- closeBrowser -->
      </class> <!-- testsnap.snap_test -->
    </test> <!-- Default test -->
  </suite> <!-- Default suite -->
</testng-results>
